\BOOKMARK [1][-]{section.1}{图论}{}% 1
\BOOKMARK [2][-]{subsection.1.1}{最小生成树Kruskal}{section.1}% 2
\BOOKMARK [2][-]{subsection.1.2}{最小生成树Prim}{section.1}% 3
\BOOKMARK [2][-]{subsection.1.3}{最短路Djikstra}{section.1}% 4
\BOOKMARK [2][-]{subsection.1.4}{最短路SPFA}{section.1}% 5
\BOOKMARK [2][-]{subsection.1.5}{最近公共祖先LCA_Doubling}{section.1}% 6
\BOOKMARK [2][-]{subsection.1.6}{最近公共祖先LCA_Tarjan}{section.1}% 7
\BOOKMARK [2][-]{subsection.1.7}{判断负环SPFA_Negtive_Cycle}{section.1}% 8
\BOOKMARK [2][-]{subsection.1.8}{拓扑排序Topological_Sort_Khan}{section.1}% 9
\BOOKMARK [1][-]{section.2}{多项式}{}% 10
\BOOKMARK [2][-]{subsection.2.1}{FFT字符串匹配String_Match_FFT}{section.2}% 11
\BOOKMARK [2][-]{subsection.2.2}{FFT递归Fast_Fourier_Transform_Cooley-Tukey_Recursion}{section.2}% 12
\BOOKMARK [2][-]{subsection.2.3}{FFT递推Fast_Fourier_Transform_Cooley-Tukey_Iteration}{section.2}% 13
\BOOKMARK [2][-]{subsection.2.4}{NTT递推Number_Theoretic_Transforms}{section.2}% 14
\BOOKMARK [2][-]{subsection.2.5}{多项式求逆Polynomial_Inverse}{section.2}% 15
\BOOKMARK [1][-]{section.3}{字符串}{}% 16
\BOOKMARK [2][-]{subsection.3.1}{字符串哈希String_Hash}{section.3}% 17
\BOOKMARK [2][-]{subsection.3.2}{马拉车Manacher}{section.3}% 18
\BOOKMARK [2][-]{subsection.3.3}{字符串匹配KMP}{section.3}% 19
\BOOKMARK [2][-]{subsection.3.4}{AC自动机AC-Automaton}{section.3}% 20
\BOOKMARK [2][-]{subsection.3.5}{后缀数组Suffix_Array}{section.3}% 21
\BOOKMARK [2][-]{subsection.3.6}{后缀自动机Suffix-Automaton}{section.3}% 22
\BOOKMARK [2][-]{subsection.3.7}{广义后缀自动机General_Suffix-Automaton}{section.3}% 23
\BOOKMARK [1][-]{section.4}{数据结构}{}% 24
\BOOKMARK [2][-]{subsection.4.1}{并查集Union_Find}{section.4}% 25
\BOOKMARK [2][-]{subsection.4.2}{分块Block_1}{section.4}% 26
\BOOKMARK [2][-]{subsection.4.3}{分块Block_2}{section.4}% 27
\BOOKMARK [2][-]{subsection.4.4}{分块Block_4}{section.4}% 28
\BOOKMARK [2][-]{subsection.4.5}{莫队算法Mo}{section.4}% 29
\BOOKMARK [2][-]{subsection.4.6}{树状数组Binary_Indexed_Tree}{section.4}% 30
\BOOKMARK [2][-]{subsection.4.7}{树状数组2D_Binary_Indexed_Tree}{section.4}% 31
\BOOKMARK [2][-]{subsection.4.8}{线段树Segment_Tree}{section.4}% 32
\BOOKMARK [2][-]{subsection.4.9}{线段树Segment_Tree_Multiply}{section.4}% 33
\BOOKMARK [2][-]{subsection.4.10}{扫描线Scanline}{section.4}% 34
\BOOKMARK [2][-]{subsection.4.11}{zkw线段树ZKW_Segment_Tree}{section.4}% 35
\BOOKMARK [2][-]{subsection.4.12}{李超线段树Li-Chao_Segment_Tree}{section.4}% 36
\BOOKMARK [2][-]{subsection.4.13}{可并堆左偏树Leftist_Tree}{section.4}% 37
\BOOKMARK [2][-]{subsection.4.14}{Splay树Splay_Tree}{section.4}% 38
\BOOKMARK [2][-]{subsection.4.15}{Splay树Splay_Tree_Flip}{section.4}% 39
\BOOKMARK [2][-]{subsection.4.16}{Splay树Splay_Tree_Dye&Flip}{section.4}% 40
\BOOKMARK [1][-]{section.5}{数论}{}% 41
\BOOKMARK [2][-]{subsection.5.1}{乘法逆元Multiplicative_Inverse_Modulo}{section.5}% 42
\BOOKMARK [2][-]{subsection.5.2}{卢卡斯Lucas}{section.5}% 43
\BOOKMARK [2][-]{subsection.5.3}{拓展欧几里得Exgcd}{section.5}% 44
\BOOKMARK [2][-]{subsection.5.4}{拓展欧拉定理Ex_Euler_Theorem-Automaton}{section.5}% 45
\BOOKMARK [2][-]{subsection.5.5}{欧拉筛Eular_Sieve}{section.5}% 46
\BOOKMARK [2][-]{subsection.5.6}{杜教筛Dujiao_Sieve}{section.5}% 47
\BOOKMARK [2][-]{subsection.5.7}{求原根Get_Primitive_Root}{section.5}% 48
\BOOKMARK [2][-]{subsection.5.8}{贝祖引理Bezout_Lemma}{section.5}% 49
\BOOKMARK [2][-]{subsection.5.9}{除法分块Block_Division}{section.5}% 50
\BOOKMARK [1][-]{section.6}{组合数学}{}% 51
\BOOKMARK [2][-]{subsection.6.1}{康托展开Cantor}{section.6}% 52
\BOOKMARK [2][-]{subsection.6.2}{波利亚Pólya}{section.6}% 53
\BOOKMARK [1][-]{section.7}{网络流}{}% 54
\BOOKMARK [2][-]{subsection.7.1}{最大费用流Minimum-Cost_Flow_Edmonds-Karp}{section.7}% 55
\BOOKMARK [2][-]{subsection.7.2}{最大流Maximum_Flow_Edmonds-Karp}{section.7}% 56
\BOOKMARK [2][-]{subsection.7.3}{最大流Maximum_Flow_Dinic}{section.7}% 57
\BOOKMARK [2][-]{subsection.7.4}{二分题最大匹配Bipartite_Graph_Maximum_Matching_Dinic}{section.7}% 58
\BOOKMARK [2][-]{subsection.7.5}{二分图最大匹配Bipartite_Graph_Maximum_Matching_Hungarian}{section.7}% 59
\BOOKMARK [2][-]{subsection.7.6}{二分图最大匹配Bipartite_Graph_Maximum_Matching_Hopcroft-Karp}{section.7}% 60
\BOOKMARK [1][-]{section.8}{计算几何}{}% 61
\BOOKMARK [2][-]{subsection.8.1}{计算几何Compuational_Geometry}{section.8}% 62
\BOOKMARK [1][-]{section.9}{杂项}{}% 63
\BOOKMARK [2][-]{subsection.9.1}{快读快写Fast_Read&Write}{section.9}% 64
\BOOKMARK [2][-]{subsection.9.2}{快速幂Fast_Power}{section.9}% 65
\BOOKMARK [2][-]{subsection.9.3}{矩阵快速幂Matrix_Fast_Power}{section.9}% 66
\BOOKMARK [2][-]{subsection.9.4}{矩阵加速Matrix_Acceleration}{section.9}% 67
\BOOKMARK [2][-]{subsection.9.5}{最长公共子序列Longest_Increasing_Subsequence}{section.9}% 68
\BOOKMARK [2][-]{subsection.9.6}{快速沃尔什变换Fast_Walsh_Transform}{section.9}% 69
\BOOKMARK [2][-]{subsection.9.7}{快速莫比乌斯变换Fast_Mobius_Transform}{section.9}% 70
\BOOKMARK [2][-]{subsection.9.8}{快速子集变换Fast_Subset_Transform}{section.9}% 71
\BOOKMARK [2][-]{subsection.9.9}{24点24_Point}{section.9}% 72
\BOOKMARK [2][-]{subsection.9.10}{wqs二分+决策单调性dp}{section.9}% 73
